#
# There is insufficient memory for the Java Runtime Environment to continue.
# Native memory allocation (malloc) failed to allocate 32756 bytes for ChunkPool::allocate
# Possible reasons:
#   The system is out of physical RAM or swap space
#   In 32 bit mode, the process size limit was hit
# Possible solutions:
#   Reduce memory load on the system
#   Increase physical memory or swap space
#   Check if swap backing store is full
#   Use 64 bit Java on a 64 bit OS
#   Decrease Java heap size (-Xmx/-Xms)
#   Decrease number of Java threads
#   Decrease Java thread stack sizes (-Xss)
#   Set larger code cache with -XX:ReservedCodeCacheSize=
# This output file may be truncated or incomplete.
#
#  Out of Memory Error (allocation.cpp:273), pid=4616, tid=0x000023a8
#
# JRE version: Java(TM) SE Runtime Environment (8.0_161-b12) (build 1.8.0_161-b12)
# Java VM: Java HotSpot(TM) Client VM (25.161-b12 mixed mode windows-x86 )
# Failed to write core dump. Minidumps are not enabled by default on client versions of Windows
#

---------------  T H R E A D  ---------------

Current thread (0x14118000):  JavaThread "C1 CompilerThread0" daemon [_thread_in_native, id=9128, stack(0x14570000,0x145c0000)]

Stack: [0x14570000,0x145c0000],  sp=0x145bee80,  free space=315k
Native frames: (J=compiled Java code, j=interpreted, Vv=VM code, C=native code)
V  [jvm.dll+0x1ab53b]
V  [jvm.dll+0x1a3c68]
V  [jvm.dll+0x8d1a1]
V  [jvm.dll+0x8d37d]
V  [jvm.dll+0x8d7f7]
V  [jvm.dll+0xa52a4]
V  [jvm.dll+0x1a32f9]
V  [jvm.dll+0x1a3418]
V  [jvm.dll+0x2b7933]
V  [jvm.dll+0x2b88c6]
V  [jvm.dll+0x2b8934]
V  [jvm.dll+0x29c785]
V  [jvm.dll+0x28b520]
V  [jvm.dll+0x28b5db]
V  [jvm.dll+0x28b72a]
V  [jvm.dll+0x28b898]
V  [jvm.dll+0x28bb12]
V  [jvm.dll+0x70c9a]
V  [jvm.dll+0x7144f]
V  [jvm.dll+0x17e810]
V  [jvm.dll+0x17f08a]
V  [jvm.dll+0x1c3be6]
C  [msvcr100.dll+0x10fac]
C  [msvcr100.dll+0x110b1]
C  [KERNEL32.DLL+0x19ba4]
C  [ntdll.dll+0x6ad0b]
C  [ntdll.dll+0x6acdf]
C  0x00000000


Current CompileTask:
C1:  14199 1694             org.h2.command.Parser::readTerm (1833 bytes)


---------------  P R O C E S S  ---------------

Java Threads: ( => current thread )
  0x16741c00 JavaThread "HikariPool-1 connection adder" daemon [_thread_blocked, id=9044, stack(0x17bd0000,0x17c20000)]
  0x16630400 JavaThread "HikariPool-1 housekeeper" daemon [_thread_blocked, id=3560, stack(0x17b80000,0x17bd0000)]
  0x1668f400 JavaThread "MVStore background writer nio:C:/dev/picdb.mv.db" daemon [_thread_blocked, id=8404, stack(0x17a30000,0x17a80000)]
  0x1662b800 JavaThread "container-0" [_thread_blocked, id=3276, stack(0x17790000,0x177e0000)]
  0x165ff000 JavaThread "ContainerBackgroundProcessor[StandardEngine[Tomcat]]" daemon [_thread_blocked, id=4732, stack(0x17740000,0x17790000)]
  0x1411e400 JavaThread "Service Thread" daemon [_thread_blocked, id=9084, stack(0x145c0000,0x14610000)]
=>0x14118000 JavaThread "C1 CompilerThread0" daemon [_thread_in_native, id=9128, stack(0x14570000,0x145c0000)]
  0x14124800 JavaThread "Attach Listener" daemon [_thread_blocked, id=7120, stack(0x14520000,0x14570000)]
  0x14122800 JavaThread "Signal Dispatcher" daemon [_thread_blocked, id=8052, stack(0x144d0000,0x14520000)]
  0x1410dc00 JavaThread "Finalizer" daemon [_thread_blocked, id=10140, stack(0x14390000,0x143e0000)]
  0x140f7c00 JavaThread "Reference Handler" daemon [_thread_blocked, id=6308, stack(0x14340000,0x14390000)]
  0x01aa2000 JavaThread "main" [_thread_in_Java, id=7860, stack(0x00b50000,0x00ba0000)]

Other Threads:
  0x140f2000 VMThread [stack: 0x142f0000,0x14340000] [id=6604]
  0x1414fc00 WatcherThread [stack: 0x14610000,0x14660000] [id=5084]

VM state:not at safepoint (normal execution)

VM Mutex/Monitor currently owned by a thread: None

Heap:
 def new generation   total 11648K, used 8694K [0x03c00000, 0x048a0000, 0x09150000)
  eden space 10368K,  73% used [0x03c00000, 0x04379eb8, 0x04620000)
  from space 1280K,  81% used [0x04620000, 0x04723b10, 0x04760000)
  to   space 1280K,   0% used [0x04760000, 0x04760000, 0x048a0000)
 tenured generation   total 25760K, used 19524K [0x09150000, 0x0aa78000, 0x13c00000)
   the space 25760K,  75% used [0x09150000, 0x0a461398, 0x0a461400, 0x0aa78000)
 Metaspace       used 27848K, capacity 28731K, committed 28800K, reserved 30080K

Card table byte_map: [0x13c00000,0x13c90000] byte_map_base: 0x13be2000

Polling page: 0x00b10000

CodeCache: size=32768Kb used=3147Kb max_used=3147Kb free=29620Kb
 bounds [0x01ba0000, 0x01eb8000, 0x03ba0000]
 total_blobs=1860 nmethods=1647 adapters=143
 compilation: enabled

Compilation events (10 events):
Event: 14.130 Thread 0x14118000 nmethod 1689 0x01eb0708 code [0x01eb0800, 0x01eb0880]
Event: 14.130 Thread 0x14118000 1690             org.h2.util.ColumnNamerConfiguration::getCompiledRegularExpressionMatchAllowed (5 bytes)
Event: 14.130 Thread 0x14118000 nmethod 1690 0x01eb08c8 code [0x01eb09c0, 0x01eb0a40]
Event: 14.131 Thread 0x14118000 1691             org.h2.command.Parser::readConcat (197 bytes)
Event: 14.135 Thread 0x14118000 nmethod 1691 0x01eb0a88 code [0x01eb0d40, 0x01eb164c]
Event: 14.135 Thread 0x14118000 1692             org.h2.command.Parser::readSum (65 bytes)
Event: 14.137 Thread 0x14118000 nmethod 1692 0x01eb20c8 code [0x01eb2270, 0x01eb2664]
Event: 14.137 Thread 0x14118000 1693             org.h2.command.Parser::readFactor (94 bytes)
Event: 14.139 Thread 0x14118000 nmethod 1693 0x01eb2ac8 code [0x01eb2cd0, 0x01eb3270]
Event: 14.139 Thread 0x14118000 1694             org.h2.command.Parser::readTerm (1833 bytes)

GC Heap History (10 events):
Event: 12.333 GC heap before
{Heap before GC invocations=66 (full 3):
 def new generation   total 11648K, used 11358K [0x03c00000, 0x048a0000, 0x09150000)
  eden space 10368K, 100% used [0x03c00000, 0x04620000, 0x04620000)
  from space 1280K,  77% used [0x04760000, 0x04857840, 0x048a0000)
  to   space 1280K,   0% used [0x04620000, 0x04620000, 0x04760000)
 tenured generation   total 25760K, used 18524K [0x09150000, 0x0aa78000, 0x13c00000)
   the space 25760K,  71% used [0x09150000, 0x0a3672c0, 0x0a367400, 0x0aa78000)
 Metaspace       used 24484K, capacity 25326K, committed 25472K, reserved 25984K
Event: 12.340 GC heap after
Heap after GC invocations=67 (full 3):
 def new generation   total 11648K, used 879K [0x03c00000, 0x048a0000, 0x09150000)
  eden space 10368K,   0% used [0x03c00000, 0x03c00000, 0x04620000)
  from space 1280K,  68% used [0x04620000, 0x046fbef0, 0x04760000)
  to   space 1280K,   0% used [0x04760000, 0x04760000, 0x048a0000)
 tenured generation   total 25760K, used 18640K [0x09150000, 0x0aa78000, 0x13c00000)
   the space 25760K,  72% used [0x09150000, 0x0a384148, 0x0a384200, 0x0aa78000)
 Metaspace       used 24484K, capacity 25326K, committed 25472K, reserved 25984K
}
Event: 12.770 GC heap before
{Heap before GC invocations=67 (full 3):
 def new generation   total 11648K, used 11247K [0x03c00000, 0x048a0000, 0x09150000)
  eden space 10368K, 100% used [0x03c00000, 0x04620000, 0x04620000)
  from space 1280K,  68% used [0x04620000, 0x046fbef0, 0x04760000)
  to   space 1280K,   0% used [0x04760000, 0x04760000, 0x048a0000)
 tenured generation   total 25760K, used 18640K [0x09150000, 0x0aa78000, 0x13c00000)
   the space 25760K,  72% used [0x09150000, 0x0a384148, 0x0a384200, 0x0aa78000)
 Metaspace       used 25252K, capacity 26085K, committed 26112K, reserved 27008K
Event: 12.777 GC heap after
Heap after GC invocations=68 (full 3):
 def new generation   total 11648K, used 1087K [0x03c00000, 0x048a0000, 0x09150000)
  eden space 10368K,   0% used [0x03c00000, 0x03c00000, 0x04620000)
  from space 1280K,  84% used [0x04760000, 0x0486fdb8, 0x048a0000)
  to   space 1280K,   0% used [0x04620000, 0x04620000, 0x04760000)
 tenured generation   total 25760K, used 18798K [0x09150000, 0x0aa78000, 0x13c00000)
   the space 25760K,  72% used [0x09150000, 0x0a3ab9c0, 0x0a3aba00, 0x0aa78000)
 Metaspace       used 25252K, capacity 26085K, committed 26112K, reserved 27008K
}
Event: 13.215 GC heap before
{Heap before GC invocations=68 (full 3):
 def new generation   total 11648K, used 11455K [0x03c00000, 0x048a0000, 0x09150000)
  eden space 10368K, 100% used [0x03c00000, 0x04620000, 0x04620000)
  from space 1280K,  84% used [0x04760000, 0x0486fdb8, 0x048a0000)
  to   space 1280K,   0% used [0x04620000, 0x04620000, 0x04760000)
 tenured generation   total 25760K, used 18798K [0x09150000, 0x0aa78000, 0x13c00000)
   the space 25760K,  72% used [0x09150000, 0x0a3ab9c0, 0x0a3aba00, 0x0aa78000)
 Metaspace       used 26074K, capacity 26919K, committed 27008K, reserved 27008K
Event: 13.224 GC heap after
Heap after GC invocations=69 (full 3):
 def new generation   total 11648K, used 1243K [0x03c00000, 0x048a0000, 0x09150000)
  eden space 10368K,   0% used [0x03c00000, 0x03c00000, 0x04620000)
  from space 1280K,  97% used [0x04620000, 0x04756ce0, 0x04760000)
  to   space 1280K,   0% used [0x04760000, 0x04760000, 0x048a0000)
 tenured generation   total 25760K, used 18960K [0x09150000, 0x0aa78000, 0x13c00000)
   the space 25760K,  73% used [0x09150000, 0x0a3d43c8, 0x0a3d4400, 0x0aa78000)
 Metaspace       used 26074K, capacity 26919K, committed 27008K, reserved 27008K
}
Event: 13.555 GC heap before
{Heap before GC invocations=69 (full 3):
 def new generation   total 11648K, used 11611K [0x03c00000, 0x048a0000, 0x09150000)
  eden space 10368K, 100% used [0x03c00000, 0x04620000, 0x04620000)
  from space 1280K,  97% used [0x04620000, 0x04756ce0, 0x04760000)
  to   space 1280K,   0% used [0x04760000, 0x04760000, 0x048a0000)
 tenured generation   total 25760K, used 18960K [0x09150000, 0x0aa78000, 0x13c00000)
   the space 25760K,  73% used [0x09150000, 0x0a3d43c8, 0x0a3d4400, 0x0aa78000)
 Metaspace       used 26909K, capacity 27754K, committed 27776K, reserved 28032K
Event: 13.564 GC heap after
Heap after GC invocations=70 (full 3):
 def new generation   total 11648K, used 1219K [0x03c00000, 0x048a0000, 0x09150000)
  eden space 10368K,   0% used [0x03c00000, 0x03c00000, 0x04620000)
  from space 1280K,  95% used [0x04760000, 0x04890df8, 0x048a0000)
  to   space 1280K,   0% used [0x04620000, 0x04620000, 0x04760000)
 tenured generation   total 25760K, used 19251K [0x09150000, 0x0aa78000, 0x13c00000)
   the space 25760K,  74% used [0x09150000, 0x0a41ce88, 0x0a41d000, 0x0aa78000)
 Metaspace       used 26909K, capacity 27754K, committed 27776K, reserved 28032K
}
Event: 13.891 GC heap before
{Heap before GC invocations=70 (full 3):
 def new generation   total 11648K, used 11587K [0x03c00000, 0x048a0000, 0x09150000)
  eden space 10368K, 100% used [0x03c00000, 0x04620000, 0x04620000)
  from space 1280K,  95% used [0x04760000, 0x04890df8, 0x048a0000)
  to   space 1280K,   0% used [0x04620000, 0x04620000, 0x04760000)
 tenured generation   total 25760K, used 19251K [0x09150000, 0x0aa78000, 0x13c00000)
   the space 25760K,  74% used [0x09150000, 0x0a41ce88, 0x0a41d000, 0x0aa78000)
 Metaspace       used 27545K, capacity 28409K, committed 28544K, reserved 30080K
Event: 13.900 GC heap after
Heap after GC invocations=71 (full 3):
 def new generation   total 11648K, used 1038K [0x03c00000, 0x048a0000, 0x09150000)
  eden space 10368K,   0% used [0x03c00000, 0x03c00000, 0x04620000)
  from space 1280K,  81% used [0x04620000, 0x04723b10, 0x04760000)
  to   space 1280K,   0% used [0x04760000, 0x04760000, 0x048a0000)
 tenured generation   total 25760K, used 19524K [0x09150000, 0x0aa78000, 0x13c00000)
   the space 25760K,  75% used [0x09150000, 0x0a461398, 0x0a461400, 0x0aa78000)
 Metaspace       used 27545K, capacity 28409K, committed 28544K, reserved 30080K
}

Deoptimization events (0 events):
No events

Classes redefined (0 events):
No events

Internal exceptions (10 events):
Event: 9.963 Thread 0x01aa2000 Exception <a 'java/lang/ArrayIndexOutOfBoundsException'> (0x03dfbbd0) thrown at [C:\re\workspace\8-2-build-windows-i586-cygwin\jdk8u161\10277\hotspot\src\share\vm\runtime\sharedRuntime.cpp, line 605]
Event: 9.967 Thread 0x01aa2000 Exception <a 'java/lang/ArrayIndexOutOfBoundsException'> (0x03e04f90) thrown at [C:\re\workspace\8-2-build-windows-i586-cygwin\jdk8u161\10277\hotspot\src\share\vm\runtime\sharedRuntime.cpp, line 605]
Event: 9.972 Thread 0x01aa2000 Exception <a 'java/lang/ArrayIndexOutOfBoundsException'> (0x03e10c50) thrown at [C:\re\workspace\8-2-build-windows-i586-cygwin\jdk8u161\10277\hotspot\src\share\vm\runtime\sharedRuntime.cpp, line 605]
Event: 10.008 Thread 0x01aa2000 Exception <a 'java/lang/NoSuchMethodError': java.lang.Object.lambda$static$0(Ljava/lang/Object;)Ljava/lang/Object;> (0x03e86c90) thrown at [C:\re\workspace\8-2-build-windows-i586-cygwin\jdk8u161\10277\hotspot\src\share\vm\interpreter\linkResolver.cpp, lin
Event: 10.058 Thread 0x01aa2000 Exception <a 'java/lang/ArrayIndexOutOfBoundsException'> (0x03f8e838) thrown at [C:\re\workspace\8-2-build-windows-i586-cygwin\jdk8u161\10277\hotspot\src\share\vm\runtime\sharedRuntime.cpp, line 605]
Event: 10.078 Thread 0x01aa2000 Exception <a 'java/lang/ArrayIndexOutOfBoundsException'> (0x03fcf778) thrown at [C:\re\workspace\8-2-build-windows-i586-cygwin\jdk8u161\10277\hotspot\src\share\vm\runtime\sharedRuntime.cpp, line 605]
Event: 10.082 Thread 0x01aa2000 Exception <a 'java/lang/ArrayIndexOutOfBoundsException'> (0x03fd89f0) thrown at [C:\re\workspace\8-2-build-windows-i586-cygwin\jdk8u161\10277\hotspot\src\share\vm\runtime\sharedRuntime.cpp, line 605]
Event: 10.101 Thread 0x01aa2000 Exception <a 'java/lang/ArrayIndexOutOfBoundsException'> (0x0400c190) thrown at [C:\re\workspace\8-2-build-windows-i586-cygwin\jdk8u161\10277\hotspot\src\share\vm\runtime\sharedRuntime.cpp, line 605]
Event: 10.114 Thread 0x01aa2000 Exception <a 'java/lang/ArrayIndexOutOfBoundsException'> (0x040679b0) thrown at [C:\re\workspace\8-2-build-windows-i586-cygwin\jdk8u161\10277\hotspot\src\share\vm\runtime\sharedRuntime.cpp, line 605]
Event: 10.143 Thread 0x01aa2000 Exception <a 'java/lang/ArrayIndexOutOfBoundsException'> (0x0410f808) thrown at [C:\re\workspace\8-2-build-windows-i586-cygwin\jdk8u161\10277\hotspot\src\share\vm\runtime\sharedRuntime.cpp, line 605]

Events (10 events):
Event: 14.089 loading class org/hibernate/boot/model/relational/QualifiedNameImpl
Event: 14.089 loading class org/hibernate/boot/model/relational/QualifiedNameImpl done
Event: 14.090 loading class org/hibernate/boot/model/relational/QualifiedNameParser$NameParts
Event: 14.090 loading class org/hibernate/boot/model/relational/QualifiedNameParser$NameParts done
Event: 14.092 loading class org/hibernate/tool/schema/extract/internal/TableInformationImpl
Event: 14.092 loading class org/hibernate/tool/schema/extract/internal/TableInformationImpl done
Event: 14.096 loading class org/h2/table/TableFilter$MapColumnsVisitor
Event: 14.096 loading class org/h2/table/TableFilter$MapColumnsVisitor done
Event: 14.109 loading class org/h2/util/Permutations
Event: 14.109 loading class org/h2/util/Permutations done


Dynamic libraries:
0x00320000 - 0x00353000 	C:\Program Files\Java\jre1.8.0_161\bin\javaw.exe
0x779a0000 - 0x77b2d000 	C:\Windows\SYSTEM32\ntdll.dll
0x76e30000 - 0x76ec5000 	C:\Windows\System32\KERNEL32.DLL
0x74d10000 - 0x74ed5000 	C:\Windows\System32\KERNELBASE.dll
0x76f30000 - 0x76fa7000 	C:\Windows\System32\ADVAPI32.dll
0x778e0000 - 0x7799d000 	C:\Windows\System32\msvcrt.dll
0x77740000 - 0x77781000 	C:\Windows\System32\sechost.dll
0x752c0000 - 0x75387000 	C:\Windows\System32\RPCRT4.dll
0x77360000 - 0x77490000 	C:\Windows\System32\USER32.dll
0x751c0000 - 0x751da000 	C:\Windows\System32\win32u.dll
0x766e0000 - 0x76701000 	C:\Windows\System32\GDI32.dll
0x74f40000 - 0x7509d000 	C:\Windows\System32\gdi32full.dll
0x74c90000 - 0x74d09000 	C:\Windows\System32\msvcp_win.dll
0x750a0000 - 0x751b8000 	C:\Windows\System32\ucrtbase.dll
0x6adf0000 - 0x6affe000 	C:\Windows\WinSxS\x86_microsoft.windows.common-controls_6595b64144ccf1df_6.0.15063.1058_none_887484c43e23e7c3\COMCTL32.dll
0x77500000 - 0x77738000 	C:\Windows\System32\combase.dll
0x74ee0000 - 0x74f37000 	C:\Windows\System32\bcryptPrimitives.dll
0x77120000 - 0x77146000 	C:\Windows\System32\IMM32.DLL
0x5ee20000 - 0x5eedd000 	C:\Program Files\Java\jre1.8.0_161\bin\msvcr100.dll
0x50050000 - 0x50420000 	C:\Program Files\Java\jre1.8.0_161\bin\client\jvm.dll
0x77240000 - 0x77246000 	C:\Windows\System32\PSAPI.DLL
0x68c80000 - 0x68c88000 	C:\Windows\SYSTEM32\WSOCK32.dll
0x72aa0000 - 0x72ac4000 	C:\Windows\SYSTEM32\WINMM.dll
0x68390000 - 0x68398000 	C:\Windows\SYSTEM32\VERSION.dll
0x772f0000 - 0x77357000 	C:\Windows\System32\WS2_32.dll
0x72a20000 - 0x72a43000 	C:\Windows\SYSTEM32\WINMMBASE.dll
0x74540000 - 0x74579000 	C:\Windows\System32\cfgmgr32.dll
0x6f620000 - 0x6f62c000 	C:\Program Files\Java\jre1.8.0_161\bin\verify.dll
0x5ec40000 - 0x5ec62000 	C:\Program Files\Java\jre1.8.0_161\bin\java.dll
0x5ec20000 - 0x5ec34000 	C:\Program Files\Java\jre1.8.0_161\bin\zip.dll
0x75390000 - 0x766d9000 	C:\Windows\System32\SHELL32.dll
0x76980000 - 0x76a0c000 	C:\Windows\System32\shcore.dll
0x74700000 - 0x74c87000 	C:\Windows\System32\windows.storage.dll
0x774b0000 - 0x774f5000 	C:\Windows\System32\shlwapi.dll
0x74530000 - 0x7453e000 	C:\Windows\System32\kernel.appcore.dll
0x744e0000 - 0x74525000 	C:\Windows\System32\powrprof.dll
0x744c0000 - 0x744d0000 	C:\Windows\System32\profapi.dll
0x6eb10000 - 0x6eb1a000 	C:\Program Files\Java\jre1.8.0_161\bin\management.dll
0x5ec00000 - 0x5ec15000 	C:\Program Files\Java\jre1.8.0_161\bin\net.dll
0x73e80000 - 0x73ed0000 	C:\Windows\system32\mswsock.dll
0x6fc20000 - 0x6fc31000 	C:\Windows\system32\napinsp.dll
0x6eca0000 - 0x6ecb6000 	C:\Windows\system32\pnrpnsp.dll
0x71b30000 - 0x71b43000 	C:\Windows\system32\NLAapi.dll
0x6f0d0000 - 0x6f0db000 	C:\Windows\System32\winrnr.dll
0x73cc0000 - 0x73d3f000 	C:\Windows\SYSTEM32\DNSAPI.dll
0x77490000 - 0x77497000 	C:\Windows\System32\NSI.dll
0x73c90000 - 0x73cbf000 	C:\Windows\SYSTEM32\IPHLPAPI.DLL
0x5f470000 - 0x5f480000 	C:\Windows\System32\wshbth.dll
0x676c0000 - 0x676c8000 	C:\Windows\System32\rasadhlp.dll
0x69e30000 - 0x69e7a000 	C:\Windows\System32\fwpuclnt.dll
0x743b0000 - 0x743ca000 	C:\Windows\SYSTEM32\bcrypt.dll
0x6f0e0000 - 0x6f0ef000 	C:\Program Files\Java\jre1.8.0_161\bin\nio.dll
0x73ff0000 - 0x74003000 	C:\Windows\SYSTEM32\CRYPTSP.dll
0x73b60000 - 0x73b8f000 	C:\Windows\system32\rsaenh.dll
0x74400000 - 0x74422000 	C:\Windows\SYSTEM32\USERENV.dll
0x74010000 - 0x7401a000 	C:\Windows\SYSTEM32\CRYPTBASE.dll
0x6d7f0000 - 0x6d803000 	C:\Windows\SYSTEM32\dhcpcsvc6.DLL
0x6eab0000 - 0x6eac4000 	C:\Windows\SYSTEM32\dhcpcsvc.DLL

VM Arguments:
jvm_args: -Dfile.encoding=UTF-8 
java_command: com.tcs.logic3D.Logic3DApplication
java_class_path (initial): C:\Program Files\Java\jre1.8.0_161\lib\resources.jar;C:\Program Files\Java\jre1.8.0_161\lib\rt.jar;C:\Program Files\Java\jre1.8.0_161\lib\jsse.jar;C:\Program Files\Java\jre1.8.0_161\lib\jce.jar;C:\Program Files\Java\jre1.8.0_161\lib\charsets.jar;C:\Program Files\Java\jre1.8.0_161\lib\jfr.jar;C:\Program Files\Java\jre1.8.0_161\lib\ext\access-bridge.jar;C:\Program Files\Java\jre1.8.0_161\lib\ext\cldrdata.jar;C:\Program Files\Java\jre1.8.0_161\lib\ext\dnsns.jar;C:\Program Files\Java\jre1.8.0_161\lib\ext\jaccess.jar;C:\Program Files\Java\jre1.8.0_161\lib\ext\jfxrt.jar;C:\Program Files\Java\jre1.8.0_161\lib\ext\localedata.jar;C:\Program Files\Java\jre1.8.0_161\lib\ext\nashorn.jar;C:\Program Files\Java\jre1.8.0_161\lib\ext\sunec.jar;C:\Program Files\Java\jre1.8.0_161\lib\ext\sunjce_provider.jar;C:\Program Files\Java\jre1.8.0_161\lib\ext\sunmscapi.jar;C:\Program Files\Java\jre1.8.0_161\lib\ext\sunpkcs11.jar;C:\Program Files\Java\jre1.8.0_161\lib\ext\zipfs.jar;C:\Users\Sumangal\Downloads\logic3D\logic3D\target\classes;C:\Users\Sumangal\.m2\repository\org\springframework\boot\spring-boot-starter-web\2.1.1.RELEASE\spring-boot-starter-web-2.1.1.RELEASE.jar;C:\Users\Sumangal\.m2\repository\org\springframework\boot\spring-boot-starter\2.1.1.RELEASE\spring-boot-starter-2.1.1.RELEASE.jar;C:\Users\Sumangal\.m2\repository\org\springframework\boot\spring-boot\2.1.1.RELEASE\spring-boot-2.1.1.RELEASE.jar;C:\Users\Sumangal\.m2\repository\org\springframework\boot\spring-boot-autoconfigure\2.1.1.RELEASE\spring-boot-autoconfigure-2.1.1.RELEASE.jar;C:\Users\Sumangal\.m2\repository\org\springframework\boot\spring-boot-starter-logging\2.1.1.RELEASE\spring-boot-starter-logging-2.1.1.RELEASE.jar;C:\Users\Sumangal\.m2\repository\ch\qos\logback\logback-classic\1.2.3\logback-classic-1.2.3.jar;C:\Users\Sumangal\.m2\repository\ch\qos\logback\logback-core\1.2.3\logback-core-1.2.3.jar;C:\Users\Sumangal\.m2\repository\org\apache\logging\log4j\log4j-to-slf4j\2.11.1\log4j-to-
Launcher Type: SUN_STANDARD

Environment Variables:
JAVA_HOME=C:\Program Files\Java\jdk1.8.0_161
PATH=C:/Program Files/Java/jre1.8.0_161/bin/client;C:/Program Files/Java/jre1.8.0_161/bin;C:/Program Files/Java/jre1.8.0_161/lib/i386;C:\Program Files\Intel\TXE Components\TCS\;C:\ProgramData\Oracle\Java\javapath;C:\Windows\system32;C:\Windows;C:\Windows\System32\Wbem;C:\Windows\System32\WindowsPowerShell\v1.0\;C:\Program Files\Intel\TXE Components\DAL\;C:\Program Files\Intel\TXE Components\IPT\;C:\Program Files\PuTTY\;C:\Program Files\Liquid Technologies\Liquid Studio 2018\XmlDataBinder16\Redist16\cpp\win32\bin;C:\Program Files\Liquid Technologies\Liquid Studio 2018\XmlDataBinder16\Redist16\cpp\win64\bin;C:\Program Files\nodejs\;C:\Users\Sumangal\Miniconda3;C:\Users\Sumangal\Miniconda3\Library\mingw-w64\bin;C:\Users\Sumangal\Miniconda3\Library\usr\bin;C:\Users\Sumangal\Miniconda3\Library\bin;C:\Users\Sumangal\Miniconda3\Scripts;C:\Users\Sumangal\.windows-build-tools\python27\;C:\Program Files\nodejs\node_modules\npm\node_modules\npm-lifecycle\node-gyp-bin;C:\Users\Sumangal\AppData\Roaming\npm\node_modules\windows-build-tools\node_modules\.bin;C:\Users\Sumangal\AppData\Roaming\npm\node_modules\.bin;C:\Program Files\Intel\TXE Components\TCS\;C:\ProgramData\Oracle\Java\javapath;C:\Windows\system32;C:\Windows;C:\Windows\System32\Wbem;C:\Windows\System32\WindowsPowerShell\v1.0\;C:\Program Files\Intel\TXE Components\DAL\;C:\Program Files\Intel\TXE Components\IPT\;C:\Program Files\PuTTY\;C:\Program Files\Liquid Technologies\Liquid Studio 2018\XmlDataBinder16\Redist16\cpp\win32\bin;C:\Program Files\Liquid Technologies\Liquid Studio 2018\XmlDataBinder16\Redist16\cpp\win64\bin;C:\Program Files\nodejs\;C:\Program Files\Git\cmd;C:\Program Files\Git\mingw32\bin;C:\Program Files\Git\usr\bin;C:\Users\Sumangal\AppData\Local\Microsoft\WindowsApps;C:\Users\Sumangal\AppData\Local\Programs\Python\Python37-32;C:\Users\Sumangal\AppData\Local\Programs\Python\Python37-32\Scripts;C:\Users\Sumangal\AppData\Roaming\npm;C:\Users\Sumangal\Downloads\eclipse-java-oxygen-3a-win32\eclipse;
USERNAME=Sumangal
OS=Windows_NT
PROCESSOR_IDENTIFIER=x86 Family 6 Model 55 Stepping 8, GenuineIntel



---------------  S Y S T E M  ---------------

OS: Windows 10.0 Build 15063 (10.0.15063.1058)

CPU:total 4 (initial active 4) (4 cores per cpu, 1 threads per core) family 6 model 55 stepping 8, cmov, cx8, fxsr, mmx, sse, sse2, sse3, ssse3, sse4.1, sse4.2, popcnt, aes, clmul, erms, 3dnowpref, tsc, tscinvbit

Memory: 4k page, physical 2024352k(388804k free), swap 2937628k(1996k free)

vm_info: Java HotSpot(TM) Client VM (25.161-b12) for windows-x86 JRE (1.8.0_161-b12), built on Dec 19 2017 17:09:29 by "java_re" with MS VC++ 10.0 (VS2010)

time: Sat Dec 08 18:49:43 2018
elapsed time: 14 seconds (0d 0h 0m 14s)

